I, [2017-12-30T19:20:58.861604 #61969]  INFO -- : Starting bot
I, [2017-12-30T19:20:59.530096 #61969]  INFO -- : Incoming message: text="#<Telegram::Bot::Types::Message:0x007fdb593b9e80>" uid=56983310
I, [2017-12-30T19:20:59.530324 #61969]  INFO -- : #<Telegram::Bot::Types::Message:0x007fdb593b9e80 @message_id=2817, @from=#<Telegram::Bot::Types::User:0x007fdb59931f98 @id=56983310, @first_name="Yo", @last_name="Artyom", @username="yo_artyom">, @chat=#<Telegram::Bot::Types::Chat:0x007fdb59930300 @id=56983310, @first_name="Yo", @last_name="Artyom", @username="yo_artyom", @type="private", @title=nil, @all_members_are_admins=nil>, @date=1514578243, @forward_from=nil, @forward_from_chat=nil, @forward_date=nil, @reply_to_message=nil, @edit_date=nil, @text=nil, @entities=[], @audio=nil, @document=nil, @game=nil, @photo=[], @sticker=nil, @video=nil, @voice=nil, @caption=nil, @contact=nil, @location=nil, @venue=nil, @new_chat_member=nil, @left_chat_member=nil, @new_chat_title=nil, @new_chat_photo=[], @delete_chat_photo=nil, @group_chat_created=nil, @supergroup_chat_created=nil, @channel_chat_created=nil, @migrate_to_chat_id=nil, @migrate_from_chat_id=nil, @pinned_message=nil>
I, [2017-12-30T19:20:59.531243 #61969]  INFO -- : Incoming message: text="Бой кирпича. Очень дешево" uid=56983310
I, [2017-12-30T19:20:59.533288 #61969]  INFO -- : #<Telegram::Bot::Types::Message:0x007fdb5993c718 @message_id=2818, @from=#<Telegram::Bot::Types::User:0x007fdb5993c6a0 @id=56983310, @first_name="Yo", @last_name="Artyom", @username="yo_artyom">, @chat=#<Telegram::Bot::Types::Chat:0x007fdb5993c538 @id=56983310, @first_name="Yo", @last_name="Artyom", @username="yo_artyom", @type="private", @title=nil, @all_members_are_admins=nil>, @date=1514630204, @forward_from=nil, @forward_from_chat=nil, @forward_date=nil, @reply_to_message=nil, @edit_date=nil, @text="Бой кирпича. Очень дешево", @entities=[], @audio=nil, @document=nil, @game=nil, @photo=[], @sticker=nil, @video=nil, @voice=nil, @caption=nil, @contact=nil, @location=nil, @venue=nil, @new_chat_member=nil, @left_chat_member=nil, @new_chat_title=nil, @new_chat_photo=[], @delete_chat_photo=nil, @group_chat_created=nil, @supergroup_chat_created=nil, @channel_chat_created=nil, @migrate_to_chat_id=nil, @migrate_from_chat_id=nil, @pinned_message=nil>
I, [2017-12-30T19:20:59.820545 #61969]  INFO -- : Incoming message: text="#<Telegram::Bot::Types::Message:0x007fdb593a38d8>" uid=56983310
I, [2017-12-30T19:20:59.820693 #61969]  INFO -- : #<Telegram::Bot::Types::Message:0x007fdb593a38d8 @message_id=2819, @from=#<Telegram::Bot::Types::User:0x007fdb593a3860 @id=56983310, @first_name="Yo", @last_name="Artyom", @username="yo_artyom">, @chat=#<Telegram::Bot::Types::Chat:0x007fdb593a36f8 @id=56983310, @first_name="Yo", @last_name="Artyom", @username="yo_artyom", @type="private", @title=nil, @all_members_are_admins=nil>, @date=1514637105, @forward_from=nil, @forward_from_chat=nil, @forward_date=nil, @reply_to_message=nil, @edit_date=nil, @text=nil, @entities=[], @audio=nil, @document=nil, @game=nil, @photo=[], @sticker=nil, @video=nil, @voice=#<Telegram::Bot::Types::Voice:0x007fdb593a3220 @duration=95, @mime_type="audio/ogg", @file_id="AwADAgADBQEAAuh1QEoU4hM9RuNpsAI", @file_size=227370>, @caption=nil, @contact=nil, @location=nil, @venue=nil, @new_chat_member=nil, @left_chat_member=nil, @new_chat_title=nil, @new_chat_photo=[], @delete_chat_photo=nil, @group_chat_created=nil, @supergroup_chat_created=nil, @channel_chat_created=nil, @migrate_to_chat_id=nil, @migrate_from_chat_id=nil, @pinned_message=nil>
I, [2017-12-30T19:20:59.821146 #61969]  INFO -- : Incoming message: text="#<Telegram::Bot::Types::Message:0x007fdb5a8ca7e8>" uid=56983310
I, [2017-12-30T19:20:59.821265 #61969]  INFO -- : #<Telegram::Bot::Types::Message:0x007fdb5a8ca7e8 @message_id=2820, @from=#<Telegram::Bot::Types::User:0x007fdb5a8ca770 @id=56983310, @first_name="Yo", @last_name="Artyom", @username="yo_artyom">, @chat=#<Telegram::Bot::Types::Chat:0x007fdb5a8ca608 @id=56983310, @first_name="Yo", @last_name="Artyom", @username="yo_artyom", @type="private", @title=nil, @all_members_are_admins=nil>, @date=1514640519, @forward_from=nil, @forward_from_chat=nil, @forward_date=nil, @reply_to_message=nil, @edit_date=nil, @text=nil, @entities=[], @audio=nil, @document=nil, @game=nil, @photo=[], @sticker=nil, @video=nil, @voice=#<Telegram::Bot::Types::Voice:0x007fdb5a8ca1f8 @duration=14, @mime_type="audio/ogg", @file_id="AwADAgADBgEAAuh1QEpoartfOsG75AI", @file_size=17228>, @caption=nil, @contact=nil, @location=nil, @venue=nil, @new_chat_member=nil, @left_chat_member=nil, @new_chat_title=nil, @new_chat_photo=[], @delete_chat_photo=nil, @group_chat_created=nil, @supergroup_chat_created=nil, @channel_chat_created=nil, @migrate_to_chat_id=nil, @migrate_from_chat_id=nil, @pinned_message=nil>
I, [2017-12-30T19:20:59.821657 #61969]  INFO -- : Incoming message: text="#<Telegram::Bot::Types::Message:0x007fdb5939ba48>" uid=56983310
I, [2017-12-30T19:20:59.821749 #61969]  INFO -- : #<Telegram::Bot::Types::Message:0x007fdb5939ba48 @message_id=2821, @from=#<Telegram::Bot::Types::User:0x007fdb5939b8b8 @id=56983310, @first_name="Yo", @last_name="Artyom", @username="yo_artyom">, @chat=#<Telegram::Bot::Types::Chat:0x007fdb5939b0e8 @id=56983310, @first_name="Yo", @last_name="Artyom", @username="yo_artyom", @type="private", @title=nil, @all_members_are_admins=nil>, @date=1514644654, @forward_from=nil, @forward_from_chat=nil, @forward_date=nil, @reply_to_message=nil, @edit_date=nil, @text=nil, @entities=[], @audio=nil, @document=nil, @game=nil, @photo=[], @sticker=nil, @video=nil, @voice=#<Telegram::Bot::Types::Voice:0x007fdb59399ae0 @duration=9, @mime_type="audio/ogg", @file_id="AwADAgADDwEAAuh1QEqi0mu-z5j7hQI", @file_size=23514>, @caption=nil, @contact=nil, @location=nil, @venue=nil, @new_chat_member=nil, @left_chat_member=nil, @new_chat_title=nil, @new_chat_photo=[], @delete_chat_photo=nil, @group_chat_created=nil, @supergroup_chat_created=nil, @channel_chat_created=nil, @migrate_to_chat_id=nil, @migrate_from_chat_id=nil, @pinned_message=nil>
I, [2017-12-30T19:21:00.090774 #61969]  INFO -- : Incoming message: text="#<Telegram::Bot::Types::Message:0x007fdb5a1053a0>" uid=440225160
I, [2017-12-30T19:21:00.091022 #61969]  INFO -- : #<Telegram::Bot::Types::Message:0x007fdb5a1053a0 @message_id=930, @from=#<Telegram::Bot::Types::User:0x007fdb5a105328 @id=440225160, @first_name="Danis", @last_name="Miftachov", @username=nil>, @chat=#<Telegram::Bot::Types::Chat:0x007fdb5a105080 @id=-1001133594434, @first_name=nil, @last_name=nil, @username="TopDarkChat", @type="supergroup", @title="ЧАТ С МЕМБОТОМ", @all_members_are_admins=nil>, @date=1514657486, @forward_from=nil, @forward_from_chat=nil, @forward_date=nil, @reply_to_message=nil, @edit_date=nil, @text=nil, @entities=[], @audio=nil, @document=nil, @game=nil, @photo=[], @sticker=nil, @video=nil, @voice=nil, @caption=nil, @contact=nil, @location=nil, @venue=nil, @new_chat_member=#<Telegram::Bot::Types::User:0x007fdb5a104a68 @id=440225160, @first_name="Danis", @last_name="Miftachov", @username=nil>, @left_chat_member=nil, @new_chat_title=nil, @new_chat_photo=[], @delete_chat_photo=nil, @group_chat_created=nil, @supergroup_chat_created=nil, @channel_chat_created=nil, @migrate_to_chat_id=nil, @migrate_from_chat_id=nil, @pinned_message=nil>
I, [2017-12-30T19:21:00.091805 #61969]  INFO -- : Incoming message: text="Прив всем" uid=440225160
I, [2017-12-30T19:21:00.092001 #61969]  INFO -- : #<Telegram::Bot::Types::Message:0x007fdb5a10ee50 @message_id=931, @from=#<Telegram::Bot::Types::User:0x007fdb5a10edd8 @id=440225160, @first_name="Danis", @last_name="Miftachov", @username=nil>, @chat=#<Telegram::Bot::Types::Chat:0x007fdb5a10eb58 @id=-1001133594434, @first_name=nil, @last_name=nil, @username="TopDarkChat", @type="supergroup", @title="ЧАТ С МЕМБОТОМ", @all_members_are_admins=nil>, @date=1514657517, @forward_from=nil, @forward_from_chat=nil, @forward_date=nil, @reply_to_message=nil, @edit_date=nil, @text="Прив всем", @entities=[], @audio=nil, @document=nil, @game=nil, @photo=[], @sticker=nil, @video=nil, @voice=nil, @caption=nil, @contact=nil, @location=nil, @venue=nil, @new_chat_member=nil, @left_chat_member=nil, @new_chat_title=nil, @new_chat_photo=[], @delete_chat_photo=nil, @group_chat_created=nil, @supergroup_chat_created=nil, @channel_chat_created=nil, @migrate_to_chat_id=nil, @migrate_from_chat_id=nil, @pinned_message=nil>
I, [2017-12-30T19:21:00.655582 #61969]  INFO -- : Incoming message: text="#<Telegram::Bot::Types::Message:0x007fdb5a88b138>" uid=440225160
I, [2017-12-30T19:21:00.655867 #61969]  INFO -- : #<Telegram::Bot::Types::Message:0x007fdb5a88b138 @message_id=932, @from=#<Telegram::Bot::Types::User:0x007fdb5a88b0c0 @id=440225160, @first_name="Danis", @last_name="Miftachov", @username=nil>, @chat=#<Telegram::Bot::Types::Chat:0x007fdb5a88ae40 @id=-1001133594434, @first_name=nil, @last_name=nil, @username="TopDarkChat", @type="supergroup", @title="ЧАТ С МЕМБОТОМ", @all_members_are_admins=nil>, @date=1514657537, @forward_from=nil, @forward_from_chat=nil, @forward_date=nil, @reply_to_message=nil, @edit_date=nil, @text=nil, @entities=[], @audio=nil, @document=nil, @game=nil, @photo=[], @sticker=#<Telegram::Bot::Types::Sticker:0x007fdb5a88a8c8 @width=512, @height=512, @emoji="👋", @thumb=#<Telegram::Bot::Types::PhotoSize:0x007fdb5a888f50 @file_id="AAQCABN2qrcNAAQQUPwdMtNQsY4XAAIC", @file_size=6388, @width=128, @height=128>, @file_id="CAADAgADqgEAAzigCsWJFShDeX0PAg", @file_size=45922>, @video=nil, @voice=nil, @caption=nil, @contact=nil, @location=nil, @venue=nil, @new_chat_member=nil, @left_chat_member=nil, @new_chat_title=nil, @new_chat_photo=[], @delete_chat_photo=nil, @group_chat_created=nil, @supergroup_chat_created=nil, @channel_chat_created=nil, @migrate_to_chat_id=nil, @migrate_from_chat_id=nil, @pinned_message=nil>
I, [2017-12-30T19:21:00.657098 #61969]  INFO -- : Incoming message: text="Мем" uid=440225160
I, [2017-12-30T19:21:00.657477 #61969]  INFO -- : #<Telegram::Bot::Types::Message:0x007fdb5995e660 @message_id=933, @from=#<Telegram::Bot::Types::User:0x007fdb5995e5e8 @id=440225160, @first_name="Danis", @last_name="Miftachov", @username=nil>, @chat=#<Telegram::Bot::Types::Chat:0x007fdb5995e368 @id=-1001133594434, @first_name=nil, @last_name=nil, @username="TopDarkChat", @type="supergroup", @title="ЧАТ С МЕМБОТОМ", @all_members_are_admins=nil>, @date=1514657587, @forward_from=nil, @forward_from_chat=nil, @forward_date=nil, @reply_to_message=#<Telegram::Bot::Types::Message:0x007fdb5995ddf0 @message_id=905, @from=#<Telegram::Bot::Types::User:0x007fdb5995dd78 @id=143189706, @first_name="RandomStupidNameBot", @last_name=nil, @username="randomStupidNameBot">, @chat=#<Telegram::Bot::Types::Chat:0x007fdb5995dad0 @id=-1001133594434, @first_name=nil, @last_name=nil, @username="TopDarkChat", @type="supergroup", @title="ЧАТ С МЕМБОТОМ", @all_members_are_admins=nil>, @date=1513263500, @forward_from=nil, @forward_from_chat=nil, @forward_date=nil, @reply_to_message=nil, @edit_date=nil, @text="Воспользуйся клавиатурой дурацкий петушок", @entities=[], @audio=nil, @document=nil, @game=nil, @photo=[], @sticker=nil, @video=nil, @voice=nil, @caption=nil, @contact=nil, @location=nil, @venue=nil, @new_chat_member=nil, @left_chat_member=nil, @new_chat_title=nil, @new_chat_photo=[], @delete_chat_photo=nil, @group_chat_created=nil, @supergroup_chat_created=nil, @channel_chat_created=nil, @migrate_to_chat_id=nil, @migrate_from_chat_id=nil, @pinned_message=nil>, @edit_date=nil, @text="Мем", @entities=[], @audio=nil, @document=nil, @game=nil, @photo=[], @sticker=nil, @video=nil, @voice=nil, @caption=nil, @contact=nil, @location=nil, @venue=nil, @new_chat_member=nil, @left_chat_member=nil, @new_chat_title=nil, @new_chat_photo=[], @delete_chat_photo=nil, @group_chat_created=nil, @supergroup_chat_created=nil, @channel_chat_created=nil, @migrate_to_chat_id=nil, @migrate_from_chat_id=nil, @pinned_message=nil>
I, [2017-12-30T19:22:06.488857 #62127]  INFO -- : Starting bot
I, [2017-12-30T19:22:12.778746 #62127]  INFO -- : Incoming message: text="qj" uid=56983310
I, [2017-12-30T19:22:12.778937 #62127]  INFO -- : #<Telegram::Bot::Types::Message:0x007fb30f0af108 @message_id=2823, @from=#<Telegram::Bot::Types::User:0x007fb30f0ac868 @id=56983310, @first_name="Yo", @last_name="Artyom", @username="yo_artyom">, @chat=#<Telegram::Bot::Types::Chat:0x007fb30f0b7498 @id=56983310, @first_name="Yo", @last_name="Artyom", @username="yo_artyom", @type="private", @title=nil, @all_members_are_admins=nil>, @date=1514658132, @text="qj", @forward_from=nil, @forward_from_chat=nil, @forward_date=nil, @reply_to_message=nil, @edit_date=nil, @entities=[], @audio=nil, @document=nil, @game=nil, @photo=[], @sticker=nil, @video=nil, @voice=nil, @caption=nil, @contact=nil, @location=nil, @venue=nil, @new_chat_member=nil, @left_chat_member=nil, @new_chat_title=nil, @new_chat_photo=[], @delete_chat_photo=nil, @group_chat_created=nil, @supergroup_chat_created=nil, @channel_chat_created=nil, @migrate_to_chat_id=nil, @migrate_from_chat_id=nil, @pinned_message=nil>
E, [2017-12-30T19:22:12.779017 #62127] ERROR -- : ASSHOLE (RuntimeError)
/Users/artem/RailsProjects/TelegramBot/start_bot.rb:28:in `block (2 levels) in run'
/usr/local/rbenv/versions/2.4.1/lib/ruby/gems/2.4.0/gems/telegram-bot-ruby-0.6.0.2/lib/telegram/bot/client.rb:40:in `block in fetch_updates'
/usr/local/rbenv/versions/2.4.1/lib/ruby/gems/2.4.0/gems/telegram-bot-ruby-0.6.0.2/lib/telegram/bot/client.rb:35:in `each'
/usr/local/rbenv/versions/2.4.1/lib/ruby/gems/2.4.0/gems/telegram-bot-ruby-0.6.0.2/lib/telegram/bot/client.rb:35:in `fetch_updates'
/usr/local/rbenv/versions/2.4.1/lib/ruby/gems/2.4.0/gems/telegram-bot-ruby-0.6.0.2/lib/telegram/bot/client.rb:27:in `listen'
/Users/artem/RailsProjects/TelegramBot/start_bot.rb:21:in `block in run'
/usr/local/rbenv/versions/2.4.1/lib/ruby/gems/2.4.0/gems/telegram-bot-ruby-0.6.0.2/lib/telegram/bot/client.rb:20:in `run'
/usr/local/rbenv/versions/2.4.1/lib/ruby/gems/2.4.0/gems/telegram-bot-ruby-0.6.0.2/lib/telegram/bot/client.rb:8:in `run'
/Users/artem/RailsProjects/TelegramBot/start_bot.rb:19:in `run'
/Users/artem/RailsProjects/TelegramBot/Rakefile:5:in `block in <top (required)>'
/usr/local/rbenv/versions/2.4.1/lib/ruby/gems/2.4.0/gems/rake-12.2.1/lib/rake/task.rb:251:in `block in execute'
/usr/local/rbenv/versions/2.4.1/lib/ruby/gems/2.4.0/gems/rake-12.2.1/lib/rake/task.rb:251:in `each'
/usr/local/rbenv/versions/2.4.1/lib/ruby/gems/2.4.0/gems/rake-12.2.1/lib/rake/task.rb:251:in `execute'
/usr/local/rbenv/versions/2.4.1/lib/ruby/gems/2.4.0/gems/rake-12.2.1/lib/rake/task.rb:195:in `block in invoke_with_call_chain'
/usr/local/rbenv/versions/2.4.1/lib/ruby/2.4.0/monitor.rb:214:in `mon_synchronize'
/usr/local/rbenv/versions/2.4.1/lib/ruby/gems/2.4.0/gems/rake-12.2.1/lib/rake/task.rb:188:in `invoke_with_call_chain'
/usr/local/rbenv/versions/2.4.1/lib/ruby/gems/2.4.0/gems/rake-12.2.1/lib/rake/task.rb:181:in `invoke'
/usr/local/rbenv/versions/2.4.1/lib/ruby/gems/2.4.0/gems/rake-12.2.1/lib/rake/application.rb:160:in `invoke_task'
/usr/local/rbenv/versions/2.4.1/lib/ruby/gems/2.4.0/gems/rake-12.2.1/lib/rake/application.rb:116:in `block (2 levels) in top_level'
/usr/local/rbenv/versions/2.4.1/lib/ruby/gems/2.4.0/gems/rake-12.2.1/lib/rake/application.rb:116:in `each'
/usr/local/rbenv/versions/2.4.1/lib/ruby/gems/2.4.0/gems/rake-12.2.1/lib/rake/application.rb:116:in `block in top_level'
/usr/local/rbenv/versions/2.4.1/lib/ruby/gems/2.4.0/gems/rake-12.2.1/lib/rake/application.rb:125:in `run_with_threads'
/usr/local/rbenv/versions/2.4.1/lib/ruby/gems/2.4.0/gems/rake-12.2.1/lib/rake/application.rb:110:in `top_level'
/usr/local/rbenv/versions/2.4.1/lib/ruby/gems/2.4.0/gems/rake-12.2.1/lib/rake/application.rb:83:in `block in run'
/usr/local/rbenv/versions/2.4.1/lib/ruby/gems/2.4.0/gems/rake-12.2.1/lib/rake/application.rb:186:in `standard_exception_handling'
/usr/local/rbenv/versions/2.4.1/lib/ruby/gems/2.4.0/gems/rake-12.2.1/lib/rake/application.rb:80:in `run'
/usr/local/rbenv/versions/2.4.1/lib/ruby/gems/2.4.0/gems/rake-12.2.1/exe/rake:27:in `<top (required)>'
/usr/local/rbenv/versions/2.4.1/bin/rake:22:in `load'
/usr/local/rbenv/versions/2.4.1/bin/rake:22:in `<top (required)>'
/usr/local/rbenv/versions/2.4.1/lib/ruby/gems/2.4.0/gems/bundler-1.15.1/lib/bundler/cli/exec.rb:74:in `load'
/usr/local/rbenv/versions/2.4.1/lib/ruby/gems/2.4.0/gems/bundler-1.15.1/lib/bundler/cli/exec.rb:74:in `kernel_load'
/usr/local/rbenv/versions/2.4.1/lib/ruby/gems/2.4.0/gems/bundler-1.15.1/lib/bundler/cli/exec.rb:27:in `run'
/usr/local/rbenv/versions/2.4.1/lib/ruby/gems/2.4.0/gems/bundler-1.15.1/lib/bundler/cli.rb:360:in `exec'
/usr/local/rbenv/versions/2.4.1/lib/ruby/gems/2.4.0/gems/bundler-1.15.1/lib/bundler/vendor/thor/lib/thor/command.rb:27:in `run'
/usr/local/rbenv/versions/2.4.1/lib/ruby/gems/2.4.0/gems/bundler-1.15.1/lib/bundler/vendor/thor/lib/thor/invocation.rb:126:in `invoke_command'
/usr/local/rbenv/versions/2.4.1/lib/ruby/gems/2.4.0/gems/bundler-1.15.1/lib/bundler/vendor/thor/lib/thor.rb:369:in `dispatch'
/usr/local/rbenv/versions/2.4.1/lib/ruby/gems/2.4.0/gems/bundler-1.15.1/lib/bundler/cli.rb:20:in `dispatch'
/usr/local/rbenv/versions/2.4.1/lib/ruby/gems/2.4.0/gems/bundler-1.15.1/lib/bundler/vendor/thor/lib/thor/base.rb:444:in `start'
/usr/local/rbenv/versions/2.4.1/lib/ruby/gems/2.4.0/gems/bundler-1.15.1/lib/bundler/cli.rb:10:in `start'
/usr/local/rbenv/versions/2.4.1/lib/ruby/gems/2.4.0/gems/bundler-1.15.1/exe/bundle:35:in `block in <top (required)>'
/usr/local/rbenv/versions/2.4.1/lib/ruby/gems/2.4.0/gems/bundler-1.15.1/lib/bundler/friendly_errors.rb:121:in `with_friendly_errors'
/usr/local/rbenv/versions/2.4.1/lib/ruby/gems/2.4.0/gems/bundler-1.15.1/exe/bundle:27:in `<top (required)>'
/usr/local/rbenv/versions/2.4.1/bin/bundle:22:in `load'
/usr/local/rbenv/versions/2.4.1/bin/bundle:22:in `<main>'
